INFO 2023-02-10 11:40:54,035 apps 244120 ADSBProcessingThread Starting ADSB Processing Thread
INFO 2023-02-10 11:40:54,307 apps 244120 ADSBProcessingThread Requesting ADSB Data...
INFO 2023-02-10 11:40:54,323 apps 244120 ADSBProcessingThread lost signal
INFO 2023-02-10 11:40:54,324 apps 244120 ADSBProcessingThread lost signal
INFO 2023-02-10 11:40:54,325 apps 244120 ADSBProcessingThread lost signal
INFO 2023-02-10 11:40:54,327 apps 244120 ADSBProcessingThread lost signal
INFO 2023-02-10 11:40:54,328 apps 244120 ADSBProcessingThread ADSB Thread sleeping...
INFO 2023-02-10 11:40:54,356 apps 244120 MessageThread Message Thread sleeping...
INFO 2023-02-10 11:40:54,531 apps 244120 ADSBProcessingThread ADSB Thread waking up...
INFO 2023-02-10 11:40:54,532 apps 244120 ADSBProcessingThread Requesting ADSB Data...
INFO 2023-02-10 11:40:54,543 apps 244120 ADSBProcessingThread ADSB Thread sleeping...
INFO 2023-02-10 11:40:54,563 apps 244120 MessageThread Message Thread waking up...
INFO 2023-02-10 11:40:54,623 apps 244120 MessageThread Message Thread sleeping...
INFO 2023-02-10 11:40:54,752 apps 244120 ADSBProcessingThread ADSB Thread waking up...
INFO 2023-02-10 11:40:54,752 apps 244120 ADSBProcessingThread Requesting ADSB Data...
INFO 2023-02-10 11:40:54,765 apps 244120 ADSBProcessingThread ADSB Thread sleeping...
INFO 2023-02-10 11:40:54,830 apps 244120 MessageThread Message Thread waking up...
INFO 2023-02-10 11:40:54,894 apps 244120 MessageThread Message Thread sleeping...
INFO 2023-02-10 11:40:54,970 apps 244120 ADSBProcessingThread ADSB Thread waking up...
INFO 2023-02-10 11:40:54,970 apps 244120 ADSBProcessingThread Requesting ADSB Data...
INFO 2023-02-10 11:40:54,982 apps 244120 ADSBProcessingThread ADSB Thread sleeping...
INFO 2023-02-10 11:40:55,098 apps 244120 MessageThread Message Thread waking up...
INFO 2023-02-10 11:40:55,160 apps 244120 MessageThread Message Thread sleeping...
INFO 2023-02-10 11:40:55,193 apps 244120 ADSBProcessingThread ADSB Thread waking up...
INFO 2023-02-10 11:40:55,193 apps 244120 ADSBProcessingThread Requesting ADSB Data...
INFO 2023-02-10 11:40:55,206 apps 244120 ADSBProcessingThread ADSB Thread sleeping...
INFO 2023-02-10 11:40:55,367 apps 244120 MessageThread Message Thread waking up...
INFO 2023-02-10 11:40:55,416 apps 244120 ADSBProcessingThread ADSB Thread waking up...
INFO 2023-02-10 11:40:55,416 apps 244120 ADSBProcessingThread Requesting ADSB Data...
INFO 2023-02-10 11:40:55,431 apps 244120 ADSBProcessingThread ADSB Thread sleeping...
INFO 2023-02-10 11:40:55,432 apps 244120 MessageThread Message Thread sleeping...
INFO 2023-02-10 11:40:55,636 apps 244120 ADSBProcessingThread ADSB Thread waking up...
INFO 2023-02-10 11:40:55,636 apps 244120 MessageThread Message Thread waking up...
INFO 2023-02-10 11:40:55,636 apps 244120 ADSBProcessingThread Requesting ADSB Data...
INFO 2023-02-10 11:40:55,654 apps 244120 ADSBProcessingThread ADSB Thread sleeping...
INFO 2023-02-10 11:40:55,702 apps 244120 MessageThread Message Thread sleeping...
INFO 2023-02-10 11:40:55,856 apps 244120 ADSBProcessingThread ADSB Thread waking up...
INFO 2023-02-10 11:40:55,856 apps 244120 ADSBProcessingThread Requesting ADSB Data...
INFO 2023-02-10 11:40:55,869 apps 244120 ADSBProcessingThread ADSB Thread sleeping...
INFO 2023-02-10 11:40:55,903 apps 244120 MessageThread Message Thread waking up...
INFO 2023-02-10 11:40:55,966 apps 244120 MessageThread Message Thread sleeping...
INFO 2023-02-10 11:40:56,076 apps 244120 ADSBProcessingThread ADSB Thread waking up...
INFO 2023-02-10 11:40:56,076 apps 244120 ADSBProcessingThread Requesting ADSB Data...
INFO 2023-02-10 11:40:56,087 apps 244120 ADSBProcessingThread ADSB Thread sleeping...
INFO 2023-02-10 11:40:56,172 apps 244120 MessageThread Message Thread waking up...
INFO 2023-02-10 11:40:56,232 apps 244120 MessageThread Message Thread sleeping...
INFO 2023-02-10 11:40:56,296 apps 244120 ADSBProcessingThread ADSB Thread waking up...
INFO 2023-02-10 11:40:56,296 apps 244120 ADSBProcessingThread Requesting ADSB Data...
INFO 2023-02-10 11:40:56,311 apps 244120 ADSBProcessingThread ADSB Thread sleeping...
INFO 2023-02-10 11:40:56,437 apps 244120 MessageThread Message Thread waking up...
INFO 2023-02-10 11:40:56,498 apps 244120 MessageThread Message Thread sleeping...
INFO 2023-02-10 11:40:56,514 apps 244120 ADSBProcessingThread ADSB Thread waking up...
INFO 2023-02-10 11:40:56,514 apps 244120 ADSBProcessingThread Requesting ADSB Data...
INFO 2023-02-10 11:40:56,527 apps 244120 ADSBProcessingThread ADSB Thread sleeping...
INFO 2023-02-10 11:40:56,714 apps 244120 MessageThread Message Thread waking up...
INFO 2023-02-10 11:40:56,729 apps 244120 ADSBProcessingThread ADSB Thread waking up...
INFO 2023-02-10 11:40:56,730 apps 244120 ADSBProcessingThread Requesting ADSB Data...
INFO 2023-02-10 11:40:56,746 apps 244120 ADSBProcessingThread ADSB Thread sleeping...
INFO 2023-02-10 11:40:56,781 apps 244120 MessageThread Message Thread sleeping...
INFO 2023-02-10 11:40:56,947 apps 244120 ADSBProcessingThread ADSB Thread waking up...
INFO 2023-02-10 11:40:56,947 apps 244120 ADSBProcessingThread Requesting ADSB Data...
INFO 2023-02-10 11:40:56,961 apps 244120 ADSBProcessingThread ADSB Thread sleeping...
INFO 2023-02-10 11:40:56,994 apps 244120 MessageThread Message Thread waking up...
INFO 2023-02-10 11:40:57,054 apps 244120 MessageThread Message Thread sleeping...
INFO 2023-02-10 11:40:57,165 apps 244120 ADSBProcessingThread ADSB Thread waking up...
INFO 2023-02-10 11:40:57,165 apps 244120 ADSBProcessingThread Requesting ADSB Data...
INFO 2023-02-10 11:40:57,179 apps 244120 ADSBProcessingThread ADSB Thread sleeping...
INFO 2023-02-10 11:40:57,257 apps 244120 MessageThread Message Thread waking up...
INFO 2023-02-10 11:40:57,323 apps 244120 MessageThread Message Thread sleeping...
INFO 2023-02-10 11:40:57,381 apps 244120 ADSBProcessingThread ADSB Thread waking up...
INFO 2023-02-10 11:40:57,381 apps 244120 ADSBProcessingThread Requesting ADSB Data...
INFO 2023-02-10 11:40:57,394 apps 244120 ADSBProcessingThread ADSB Thread sleeping...
INFO 2023-02-10 11:40:57,525 apps 244120 MessageThread Message Thread waking up...
INFO 2023-02-10 11:40:57,586 apps 244120 MessageThread Message Thread sleeping...
INFO 2023-02-10 11:40:57,603 apps 244120 ADSBProcessingThread ADSB Thread waking up...
INFO 2023-02-10 11:40:57,604 apps 244120 ADSBProcessingThread Requesting ADSB Data...
INFO 2023-02-10 11:40:57,617 apps 244120 ADSBProcessingThread ADSB Thread sleeping...
INFO 2023-02-10 11:40:57,789 apps 244120 MessageThread Message Thread waking up...
INFO 2023-02-10 11:40:57,820 apps 244120 ADSBProcessingThread ADSB Thread waking up...
INFO 2023-02-10 11:40:57,820 apps 244120 ADSBProcessingThread Requesting ADSB Data...
INFO 2023-02-10 11:40:57,837 apps 244120 ADSBProcessingThread ADSB Thread sleeping...
INFO 2023-02-10 11:40:57,856 apps 244120 MessageThread Message Thread sleeping...
INFO 2023-02-10 11:40:58,053 apps 244120 ADSBProcessingThread ADSB Thread waking up...
INFO 2023-02-10 11:40:58,053 apps 244120 ADSBProcessingThread Requesting ADSB Data...
INFO 2023-02-10 11:40:58,065 apps 244120 ADSBProcessingThread ADSB Thread sleeping...
INFO 2023-02-10 11:40:58,067 apps 244120 MessageThread Message Thread waking up...
INFO 2023-02-10 11:40:58,126 apps 244120 MessageThread Message Thread sleeping...
INFO 2023-02-10 11:40:58,270 apps 244120 ADSBProcessingThread ADSB Thread waking up...
INFO 2023-02-10 11:40:58,270 apps 244120 ADSBProcessingThread Requesting ADSB Data...
INFO 2023-02-10 11:40:58,283 apps 244120 ADSBProcessingThread ADSB Thread sleeping...
INFO 2023-02-10 11:40:58,332 apps 244120 MessageThread Message Thread waking up...
INFO 2023-02-10 11:40:58,391 apps 244120 MessageThread Message Thread sleeping...
INFO 2023-02-10 11:40:58,487 apps 244120 ADSBProcessingThread ADSB Thread waking up...
INFO 2023-02-10 11:40:58,487 apps 244120 ADSBProcessingThread Requesting ADSB Data...
INFO 2023-02-10 11:40:58,499 apps 244120 ADSBProcessingThread ADSB Thread sleeping...
INFO 2023-02-10 11:40:58,598 apps 244120 MessageThread Message Thread waking up...
INFO 2023-02-10 11:40:58,660 apps 244120 MessageThread Message Thread sleeping...
INFO 2023-02-10 11:40:58,708 apps 244120 ADSBProcessingThread ADSB Thread waking up...
INFO 2023-02-10 11:40:58,709 apps 244120 ADSBProcessingThread Requesting ADSB Data...
INFO 2023-02-10 11:40:58,723 apps 244120 ADSBProcessingThread ADSB Thread sleeping...
INFO 2023-02-10 11:40:58,864 apps 244120 MessageThread Message Thread waking up...
INFO 2023-02-10 11:40:58,926 apps 244120 ADSBProcessingThread ADSB Thread waking up...
INFO 2023-02-10 11:40:58,927 apps 244120 ADSBProcessingThread Requesting ADSB Data...
INFO 2023-02-10 11:40:58,929 apps 244120 MessageThread Message Thread sleeping...
INFO 2023-02-10 11:40:58,941 apps 244120 ADSBProcessingThread ADSB Thread sleeping...
INFO 2023-02-10 11:40:59,145 apps 244120 MessageThread Message Thread waking up...
INFO 2023-02-10 11:40:59,145 apps 244120 ADSBProcessingThread ADSB Thread waking up...
INFO 2023-02-10 11:40:59,147 apps 244120 ADSBProcessingThread Requesting ADSB Data...
INFO 2023-02-10 11:40:59,166 apps 244120 ADSBProcessingThread ADSB Thread sleeping...
INFO 2023-02-10 11:40:59,212 apps 244120 MessageThread Message Thread sleeping...
INFO 2023-02-10 11:40:59,377 apps 244120 ADSBProcessingThread ADSB Thread waking up...
INFO 2023-02-10 11:40:59,377 apps 244120 ADSBProcessingThread Requesting ADSB Data...
INFO 2023-02-10 11:40:59,391 apps 244120 ADSBProcessingThread ADSB Thread sleeping...
INFO 2023-02-10 11:40:59,423 apps 244120 MessageThread Message Thread waking up...
INFO 2023-02-10 11:40:59,482 apps 244120 MessageThread Message Thread sleeping...
INFO 2023-02-10 11:40:59,593 apps 244120 ADSBProcessingThread ADSB Thread waking up...
INFO 2023-02-10 11:40:59,593 apps 244120 ADSBProcessingThread Requesting ADSB Data...
INFO 2023-02-10 11:40:59,606 apps 244120 ADSBProcessingThread ADSB Thread sleeping...
INFO 2023-02-10 11:40:59,688 apps 244120 MessageThread Message Thread waking up...
INFO 2023-02-10 11:40:59,749 apps 244120 MessageThread Message Thread sleeping...
INFO 2023-02-10 11:40:59,813 apps 244120 ADSBProcessingThread ADSB Thread waking up...
INFO 2023-02-10 11:40:59,813 apps 244120 ADSBProcessingThread Requesting ADSB Data...
INFO 2023-02-10 11:40:59,827 apps 244120 ADSBProcessingThread ADSB Thread sleeping...
INFO 2023-02-10 11:40:59,953 apps 244120 MessageThread Message Thread waking up...
INFO 2023-02-10 11:41:00,016 apps 244120 MessageThread Message Thread sleeping...
INFO 2023-02-10 11:41:00,031 apps 244120 ADSBProcessingThread ADSB Thread waking up...
INFO 2023-02-10 11:41:00,031 apps 244120 ADSBProcessingThread Requesting ADSB Data...
INFO 2023-02-10 11:41:00,042 apps 244120 ADSBProcessingThread ADSB Thread sleeping...
INFO 2023-02-10 11:41:00,220 apps 244120 MessageThread Message Thread waking up...
INFO 2023-02-10 11:41:00,251 apps 244120 ADSBProcessingThread ADSB Thread waking up...
INFO 2023-02-10 11:41:00,252 apps 244120 ADSBProcessingThread Requesting ADSB Data...
INFO 2023-02-10 11:41:00,269 apps 244120 ADSBProcessingThread ADSB Thread sleeping...
INFO 2023-02-10 11:41:00,288 apps 244120 MessageThread Message Thread sleeping...
INFO 2023-02-10 11:41:00,482 apps 244120 ADSBProcessingThread ADSB Thread waking up...
INFO 2023-02-10 11:41:00,482 apps 244120 ADSBProcessingThread Requesting ADSB Data...
INFO 2023-02-10 11:41:00,495 apps 244120 ADSBProcessingThread ADSB Thread sleeping...
INFO 2023-02-10 11:41:00,497 apps 244120 MessageThread Message Thread waking up...
INFO 2023-02-10 11:41:00,556 apps 244120 MessageThread Message Thread sleeping...
INFO 2023-02-10 11:41:00,699 apps 244120 ADSBProcessingThread ADSB Thread waking up...
INFO 2023-02-10 11:41:00,699 apps 244120 ADSBProcessingThread Requesting ADSB Data...
INFO 2023-02-10 11:41:00,712 apps 244120 ADSBProcessingThread ADSB Thread sleeping...
INFO 2023-02-10 11:41:00,762 apps 244120 MessageThread Message Thread waking up...
INFO 2023-02-10 11:41:00,821 apps 244120 MessageThread Message Thread sleeping...
INFO 2023-02-10 11:41:00,918 apps 244120 ADSBProcessingThread ADSB Thread waking up...
INFO 2023-02-10 11:41:00,918 apps 244120 ADSBProcessingThread Requesting ADSB Data...
INFO 2023-02-10 11:41:00,931 apps 244120 ADSBProcessingThread ADSB Thread sleeping...
INFO 2023-02-10 11:41:01,027 apps 244120 MessageThread Message Thread waking up...
INFO 2023-02-10 11:41:01,088 apps 244120 MessageThread Message Thread sleeping...
INFO 2023-02-10 11:41:01,135 apps 244120 ADSBProcessingThread ADSB Thread waking up...
INFO 2023-02-10 11:41:01,136 apps 244120 ADSBProcessingThread Requesting ADSB Data...
INFO 2023-02-10 11:41:01,149 apps 244120 ADSBProcessingThread ADSB Thread sleeping...
INFO 2023-02-10 11:41:01,292 apps 244120 MessageThread Message Thread waking up...
INFO 2023-02-10 11:41:01,354 apps 244120 ADSBProcessingThread ADSB Thread waking up...
INFO 2023-02-10 11:41:01,355 apps 244120 ADSBProcessingThread Requesting ADSB Data...
INFO 2023-02-10 11:41:01,361 apps 244120 MessageThread Message Thread sleeping...
INFO 2023-02-10 11:41:01,370 apps 244120 ADSBProcessingThread ADSB Thread sleeping...
INFO 2023-02-10 11:41:01,575 apps 244120 ADSBProcessingThread ADSB Thread waking up...
INFO 2023-02-10 11:41:01,575 apps 244120 MessageThread Message Thread waking up...
INFO 2023-02-10 11:41:01,575 apps 244120 ADSBProcessingThread Requesting ADSB Data...
INFO 2023-02-10 11:41:01,593 apps 244120 ADSBProcessingThread ADSB Thread sleeping...
INFO 2023-02-10 11:41:01,639 apps 244120 MessageThread Message Thread sleeping...
INFO 2023-02-10 11:41:01,807 apps 244120 ADSBProcessingThread ADSB Thread waking up...
INFO 2023-02-10 11:41:01,807 apps 244120 ADSBProcessingThread Requesting ADSB Data...
INFO 2023-02-10 11:41:01,820 apps 244120 ADSBProcessingThread ADSB Thread sleeping...
INFO 2023-02-10 11:41:01,854 apps 244120 MessageThread Message Thread waking up...
INFO 2023-02-10 11:41:01,912 apps 244120 MessageThread Message Thread sleeping...
INFO 2023-02-10 11:41:02,026 apps 244120 ADSBProcessingThread ADSB Thread waking up...
INFO 2023-02-10 11:41:02,026 apps 244120 ADSBProcessingThread Requesting ADSB Data...
INFO 2023-02-10 11:41:02,039 apps 244120 ADSBProcessingThread ADSB Thread sleeping...
INFO 2023-02-10 11:41:02,118 apps 244120 MessageThread Message Thread waking up...
INFO 2023-02-10 11:41:02,178 apps 244120 MessageThread Message Thread sleeping...
INFO 2023-02-10 11:41:02,242 apps 244120 ADSBProcessingThread ADSB Thread waking up...
INFO 2023-02-10 11:41:02,243 apps 244120 ADSBProcessingThread Requesting ADSB Data...
INFO 2023-02-10 11:41:02,255 apps 244120 ADSBProcessingThread ADSB Thread sleeping...
INFO 2023-02-10 11:41:02,382 apps 244120 MessageThread Message Thread waking up...
INFO 2023-02-10 11:41:02,443 apps 244120 MessageThread Message Thread sleeping...
INFO 2023-02-10 11:41:02,460 apps 244120 ADSBProcessingThread ADSB Thread waking up...
INFO 2023-02-10 11:41:02,460 apps 244120 ADSBProcessingThread Requesting ADSB Data...
INFO 2023-02-10 11:41:02,474 apps 244120 ADSBProcessingThread ADSB Thread sleeping...
INFO 2023-02-10 11:41:02,645 apps 244120 MessageThread Message Thread waking up...
INFO 2023-02-10 11:41:02,677 apps 244120 ADSBProcessingThread ADSB Thread waking up...
INFO 2023-02-10 11:41:02,677 apps 244120 ADSBProcessingThread Requesting ADSB Data...
INFO 2023-02-10 11:41:02,697 apps 244120 ADSBProcessingThread ADSB Thread sleeping...
INFO 2023-02-10 11:41:02,711 apps 244120 MessageThread Message Thread sleeping...
INFO 2023-02-10 11:41:02,911 apps 244120 ADSBProcessingThread ADSB Thread waking up...
INFO 2023-02-10 11:41:02,911 apps 244120 ADSBProcessingThread Requesting ADSB Data...
INFO 2023-02-10 11:41:02,926 apps 244120 ADSBProcessingThread ADSB Thread sleeping...
INFO 2023-02-10 11:41:02,927 apps 244120 MessageThread Message Thread waking up...
INFO 2023-02-10 11:41:02,985 apps 244120 MessageThread Message Thread sleeping...
INFO 2023-02-10 11:41:03,130 apps 244120 ADSBProcessingThread ADSB Thread waking up...
INFO 2023-02-10 11:41:03,131 apps 244120 ADSBProcessingThread Requesting ADSB Data...
INFO 2023-02-10 11:41:03,144 apps 244120 ADSBProcessingThread ADSB Thread sleeping...
INFO 2023-02-10 11:41:03,193 apps 244120 MessageThread Message Thread waking up...
INFO 2023-02-10 11:41:03,251 apps 244120 MessageThread Message Thread sleeping...
INFO 2023-02-10 11:41:03,347 apps 244120 ADSBProcessingThread ADSB Thread waking up...
INFO 2023-02-10 11:41:03,348 apps 244120 ADSBProcessingThread Requesting ADSB Data...
INFO 2023-02-10 11:41:03,360 apps 244120 ADSBProcessingThread ADSB Thread sleeping...
INFO 2023-02-10 11:41:03,455 apps 244120 MessageThread Message Thread waking up...
INFO 2023-02-10 11:41:03,518 apps 244120 MessageThread Message Thread sleeping...
INFO 2023-02-10 11:41:03,564 apps 244120 ADSBProcessingThread ADSB Thread waking up...
INFO 2023-02-10 11:41:03,565 apps 244120 ADSBProcessingThread Requesting ADSB Data...
INFO 2023-02-10 11:41:03,578 apps 244120 ADSBProcessingThread ADSB Thread sleeping...
INFO 2023-02-10 11:41:03,733 apps 244120 MessageThread Message Thread waking up...
INFO 2023-02-10 11:41:03,780 apps 244120 ADSBProcessingThread ADSB Thread waking up...
INFO 2023-02-10 11:41:03,780 apps 244120 ADSBProcessingThread Requesting ADSB Data...
INFO 2023-02-10 11:41:03,795 apps 244120 ADSBProcessingThread ADSB Thread sleeping...
INFO 2023-02-10 11:41:03,796 apps 244120 MessageThread Message Thread sleeping...
INFO 2023-02-10 11:41:03,997 apps 244120 ADSBProcessingThread ADSB Thread waking up...
INFO 2023-02-10 11:41:03,997 apps 244120 MessageThread Message Thread waking up...
INFO 2023-02-10 11:41:03,997 apps 244120 ADSBProcessingThread Requesting ADSB Data...
INFO 2023-02-10 11:41:04,016 apps 244120 ADSBProcessingThread ADSB Thread sleeping...
INFO 2023-02-10 11:41:04,061 apps 244120 MessageThread Message Thread sleeping...
INFO 2023-02-10 11:41:04,230 apps 244120 ADSBProcessingThread ADSB Thread waking up...
INFO 2023-02-10 11:41:04,230 apps 244120 ADSBProcessingThread Requesting ADSB Data...
INFO 2023-02-10 11:41:04,244 apps 244120 ADSBProcessingThread ADSB Thread sleeping...
INFO 2023-02-10 11:41:04,276 apps 244120 MessageThread Message Thread waking up...
INFO 2023-02-10 11:41:04,335 apps 244120 MessageThread Message Thread sleeping...
INFO 2023-02-10 11:41:04,447 apps 244120 ADSBProcessingThread ADSB Thread waking up...
INFO 2023-02-10 11:41:04,447 apps 244120 ADSBProcessingThread Requesting ADSB Data...
INFO 2023-02-10 11:41:04,461 apps 244120 ADSBProcessingThread ADSB Thread sleeping...
INFO 2023-02-10 11:41:04,541 apps 244120 MessageThread Message Thread waking up...
INFO 2023-02-10 11:41:04,601 apps 244120 MessageThread Message Thread sleeping...
INFO 2023-02-10 11:41:04,666 apps 244120 ADSBProcessingThread ADSB Thread waking up...
INFO 2023-02-10 11:41:04,666 apps 244120 ADSBProcessingThread Requesting ADSB Data...
INFO 2023-02-10 11:41:04,680 apps 244120 ADSBProcessingThread ADSB Thread sleeping...
INFO 2023-02-10 11:41:04,805 apps 244120 MessageThread Message Thread waking up...
INFO 2023-02-10 11:41:04,867 apps 244120 MessageThread Message Thread sleeping...
INFO 2023-02-10 11:41:04,884 apps 244120 ADSBProcessingThread ADSB Thread waking up...
INFO 2023-02-10 11:41:04,884 apps 244120 ADSBProcessingThread Requesting ADSB Data...
INFO 2023-02-10 11:41:04,896 apps 244120 ADSBProcessingThread ADSB Thread sleeping...
INFO 2023-02-10 11:41:05,071 apps 244120 MessageThread Message Thread waking up...
INFO 2023-02-10 11:41:05,102 apps 244120 ADSBProcessingThread ADSB Thread waking up...
INFO 2023-02-10 11:41:05,102 apps 244120 ADSBProcessingThread Requesting ADSB Data...
INFO 2023-02-10 11:41:05,122 apps 244120 ADSBProcessingThread ADSB Thread sleeping...
INFO 2023-02-10 11:41:05,138 apps 244120 MessageThread Message Thread sleeping...
INFO 2023-02-10 11:41:05,335 apps 244120 ADSBProcessingThread ADSB Thread waking up...
INFO 2023-02-10 11:41:05,335 apps 244120 ADSBProcessingThread Requesting ADSB Data...
INFO 2023-02-10 11:41:05,348 apps 244120 ADSBProcessingThread ADSB Thread sleeping...
INFO 2023-02-10 11:41:05,351 apps 244120 MessageThread Message Thread waking up...
INFO 2023-02-10 11:41:05,411 apps 244120 MessageThread Message Thread sleeping...
INFO 2023-02-10 11:41:05,553 apps 244120 ADSBProcessingThread ADSB Thread waking up...
INFO 2023-02-10 11:41:05,553 apps 244120 ADSBProcessingThread Requesting ADSB Data...
INFO 2023-02-10 11:41:05,568 apps 244120 ADSBProcessingThread ADSB Thread sleeping...
INFO 2023-02-10 11:41:05,617 apps 244120 MessageThread Message Thread waking up...
INFO 2023-02-10 11:41:05,677 apps 244120 MessageThread Message Thread sleeping...
INFO 2023-02-10 11:41:05,772 apps 244120 ADSBProcessingThread ADSB Thread waking up...
INFO 2023-02-10 11:41:05,772 apps 244120 ADSBProcessingThread Requesting ADSB Data...
INFO 2023-02-10 11:41:05,784 apps 244120 ADSBProcessingThread ADSB Thread sleeping...
INFO 2023-02-10 11:41:05,883 apps 244120 MessageThread Message Thread waking up...
INFO 2023-02-10 11:41:05,946 apps 244120 MessageThread Message Thread sleeping...
INFO 2023-02-10 11:41:05,993 apps 244120 ADSBProcessingThread ADSB Thread waking up...
INFO 2023-02-10 11:41:05,993 apps 244120 ADSBProcessingThread Requesting ADSB Data...
INFO 2023-02-10 11:41:06,006 apps 244120 ADSBProcessingThread ADSB Thread sleeping...
INFO 2023-02-10 11:41:06,149 apps 244120 MessageThread Message Thread waking up...
INFO 2023-02-10 11:41:06,211 apps 244120 MessageThread Message Thread sleeping...
INFO 2023-02-10 11:41:06,211 apps 244120 ADSBProcessingThread ADSB Thread waking up...
INFO 2023-02-10 11:41:06,212 apps 244120 ADSBProcessingThread Requesting ADSB Data...
INFO 2023-02-10 11:41:06,225 apps 244120 ADSBProcessingThread ADSB Thread sleeping...
INFO 2023-02-10 11:41:06,427 apps 244120 MessageThread Message Thread waking up...
INFO 2023-02-10 11:41:06,427 apps 244120 ADSBProcessingThread ADSB Thread waking up...
INFO 2023-02-10 11:41:06,428 apps 244120 ADSBProcessingThread Requesting ADSB Data...
INFO 2023-02-10 11:41:06,447 apps 244120 ADSBProcessingThread ADSB Thread sleeping...
INFO 2023-02-10 11:41:06,492 apps 244120 MessageThread Message Thread sleeping...
INFO 2023-02-10 11:41:06,662 apps 244120 ADSBProcessingThread ADSB Thread waking up...
INFO 2023-02-10 11:41:06,662 apps 244120 ADSBProcessingThread Requesting ADSB Data...
INFO 2023-02-10 11:41:06,675 apps 244120 ADSBProcessingThread ADSB Thread sleeping...
INFO 2023-02-10 11:41:06,694 apps 244120 MessageThread Message Thread waking up...
INFO 2023-02-10 11:41:06,751 apps 244120 MessageThread Message Thread sleeping...
INFO 2023-02-10 11:41:06,879 apps 244120 ADSBProcessingThread ADSB Thread waking up...
INFO 2023-02-10 11:41:06,879 apps 244120 ADSBProcessingThread Requesting ADSB Data...
INFO 2023-02-10 11:41:06,891 apps 244120 ADSBProcessingThread ADSB Thread sleeping...
INFO 2023-02-10 11:41:06,956 apps 244120 MessageThread Message Thread waking up...
INFO 2023-02-10 11:41:07,016 apps 244120 MessageThread Message Thread sleeping...
INFO 2023-02-10 11:41:07,097 apps 244120 ADSBProcessingThread ADSB Thread waking up...
INFO 2023-02-10 11:41:07,097 apps 244120 ADSBProcessingThread Requesting ADSB Data...
INFO 2023-02-10 11:41:07,110 apps 244120 ADSBProcessingThread ADSB Thread sleeping...
INFO 2023-02-10 11:41:07,221 apps 244120 MessageThread Message Thread waking up...
INFO 2023-02-10 11:41:07,284 apps 244120 MessageThread Message Thread sleeping...
INFO 2023-02-10 11:41:07,315 apps 244120 ADSBProcessingThread ADSB Thread waking up...
INFO 2023-02-10 11:41:07,315 apps 244120 ADSBProcessingThread Requesting ADSB Data...
INFO 2023-02-10 11:41:07,327 apps 244120 ADSBProcessingThread ADSB Thread sleeping...
INFO 2023-02-10 11:41:07,488 apps 244120 MessageThread Message Thread waking up...
INFO 2023-02-10 11:41:07,534 apps 244120 ADSBProcessingThread ADSB Thread waking up...
INFO 2023-02-10 11:41:07,536 apps 244120 ADSBProcessingThread Requesting ADSB Data...
INFO 2023-02-10 11:41:07,547 apps 244120 ADSBProcessingThread ADSB Thread sleeping...
INFO 2023-02-10 11:41:07,554 apps 244120 MessageThread Message Thread sleeping...
INFO 2023-02-10 11:41:07,752 apps 244120 ADSBProcessingThread ADSB Thread waking up...
INFO 2023-02-10 11:41:07,752 apps 244120 ADSBProcessingThread Requesting ADSB Data...
INFO 2023-02-10 11:41:07,765 apps 244120 ADSBProcessingThread ADSB Thread sleeping...
INFO 2023-02-10 11:41:07,768 apps 244120 MessageThread Message Thread waking up...
INFO 2023-02-10 11:41:07,825 apps 244120 MessageThread Message Thread sleeping...
INFO 2023-02-10 11:41:07,969 apps 244120 ADSBProcessingThread ADSB Thread waking up...
INFO 2023-02-10 11:41:07,969 apps 244120 ADSBProcessingThread Requesting ADSB Data...
INFO 2023-02-10 11:41:07,982 apps 244120 ADSBProcessingThread ADSB Thread sleeping...
INFO 2023-02-10 11:41:08,033 apps 244120 MessageThread Message Thread waking up...
INFO 2023-02-10 11:41:08,091 apps 244120 MessageThread Message Thread sleeping...
INFO 2023-02-10 11:41:08,190 apps 244120 ADSBProcessingThread ADSB Thread waking up...
INFO 2023-02-10 11:41:08,191 apps 244120 ADSBProcessingThread Requesting ADSB Data...
INFO 2023-02-10 11:41:08,202 apps 244120 ADSBProcessingThread ADSB Thread sleeping...
INFO 2023-02-10 11:41:08,300 apps 244120 MessageThread Message Thread waking up...
INFO 2023-02-10 11:41:08,361 apps 244120 MessageThread Message Thread sleeping...
INFO 2023-02-10 11:41:08,409 apps 244120 ADSBProcessingThread ADSB Thread waking up...
INFO 2023-02-10 11:41:08,409 apps 244120 ADSBProcessingThread Requesting ADSB Data...
INFO 2023-02-10 11:41:08,422 apps 244120 ADSBProcessingThread ADSB Thread sleeping...
INFO 2023-02-10 11:41:08,565 apps 244120 MessageThread Message Thread waking up...
INFO 2023-02-10 11:41:08,625 apps 244120 MessageThread Message Thread sleeping...
INFO 2023-02-10 11:41:08,627 apps 244120 ADSBProcessingThread ADSB Thread waking up...
INFO 2023-02-10 11:41:08,627 apps 244120 ADSBProcessingThread Requesting ADSB Data...
INFO 2023-02-10 11:41:08,637 apps 244120 ADSBProcessingThread ADSB Thread sleeping...
INFO 2023-02-10 11:41:08,829 apps 244120 MessageThread Message Thread waking up...
INFO 2023-02-10 11:41:08,844 apps 244120 ADSBProcessingThread ADSB Thread waking up...
INFO 2023-02-10 11:41:08,845 apps 244120 ADSBProcessingThread Requesting ADSB Data...
INFO 2023-02-10 11:41:08,861 apps 244120 ADSBProcessingThread ADSB Thread sleeping...
INFO 2023-02-10 11:41:08,893 apps 244120 MessageThread Message Thread sleeping...
INFO 2023-02-10 11:41:09,062 apps 244120 ADSBProcessingThread ADSB Thread waking up...
INFO 2023-02-10 11:41:09,062 apps 244120 ADSBProcessingThread Requesting ADSB Data...
INFO 2023-02-10 11:41:09,073 apps 244120 ADSBProcessingThread ADSB Thread sleeping...
INFO 2023-02-10 11:41:09,109 apps 244120 MessageThread Message Thread waking up...
INFO 2023-02-10 11:41:09,168 apps 244120 MessageThread Message Thread sleeping...
INFO 2023-02-10 11:41:09,280 apps 244120 ADSBProcessingThread ADSB Thread waking up...
INFO 2023-02-10 11:41:09,280 apps 244120 ADSBProcessingThread Requesting ADSB Data...
INFO 2023-02-10 11:41:09,291 apps 244120 ADSBProcessingThread ADSB Thread sleeping...
INFO 2023-02-10 11:41:09,373 apps 244120 MessageThread Message Thread waking up...
INFO 2023-02-10 11:41:09,435 apps 244120 MessageThread Message Thread sleeping...
INFO 2023-02-10 11:41:09,499 apps 244120 ADSBProcessingThread ADSB Thread waking up...
INFO 2023-02-10 11:41:09,499 apps 244120 ADSBProcessingThread Requesting ADSB Data...
INFO 2023-02-10 11:41:09,511 apps 244120 ADSBProcessingThread ADSB Thread sleeping...
INFO 2023-02-10 11:41:09,640 apps 244120 MessageThread Message Thread waking up...
INFO 2023-02-10 11:41:09,700 apps 244120 MessageThread Message Thread sleeping...
INFO 2023-02-10 11:41:09,719 apps 244120 ADSBProcessingThread ADSB Thread waking up...
INFO 2023-02-10 11:41:09,719 apps 244120 ADSBProcessingThread Requesting ADSB Data...
INFO 2023-02-10 11:41:09,730 apps 244120 ADSBProcessingThread ADSB Thread sleeping...
INFO 2023-02-10 11:41:09,905 apps 244120 MessageThread Message Thread waking up...
INFO 2023-02-10 11:41:09,935 apps 244120 ADSBProcessingThread ADSB Thread waking up...
INFO 2023-02-10 11:41:09,936 apps 244120 ADSBProcessingThread Requesting ADSB Data...
INFO 2023-02-10 11:41:09,951 apps 244120 ADSBProcessingThread ADSB Thread sleeping...
INFO 2023-02-10 11:41:09,970 apps 244120 MessageThread Message Thread sleeping...
INFO 2023-02-10 11:41:10,168 apps 244120 ADSBProcessingThread ADSB Thread waking up...
INFO 2023-02-10 11:41:10,168 apps 244120 ADSBProcessingThread Requesting ADSB Data...
INFO 2023-02-10 11:41:10,180 apps 244120 ADSBProcessingThread ADSB Thread sleeping...
INFO 2023-02-10 11:41:10,184 apps 244120 MessageThread Message Thread waking up...
INFO 2023-02-10 11:41:10,241 apps 244120 MessageThread Message Thread sleeping...
INFO 2023-02-10 11:41:10,387 apps 244120 ADSBProcessingThread ADSB Thread waking up...
INFO 2023-02-10 11:41:10,388 apps 244120 ADSBProcessingThread Requesting ADSB Data...
INFO 2023-02-10 11:41:10,399 apps 244120 ADSBProcessingThread ADSB Thread sleeping...
INFO 2023-02-10 11:41:10,448 apps 244120 MessageThread Message Thread waking up...
INFO 2023-02-10 11:41:10,509 apps 244120 MessageThread Message Thread sleeping...
INFO 2023-02-10 11:41:10,605 apps 244120 ADSBProcessingThread ADSB Thread waking up...
INFO 2023-02-10 11:41:10,605 apps 244120 ADSBProcessingThread Requesting ADSB Data...
INFO 2023-02-10 11:41:10,617 apps 244120 ADSBProcessingThread ADSB Thread sleeping...
INFO 2023-02-10 11:41:10,717 apps 244120 MessageThread Message Thread waking up...
INFO 2023-02-10 11:41:10,826 apps 244120 ADSBProcessingThread ADSB Thread waking up...
INFO 2023-02-10 11:41:10,826 apps 244120 ADSBProcessingThread Requesting ADSB Data...
